2015-05-21 18:06:26 Error: [MissingViewException] View file "Home/index.ctp" is missing.
Exception Attributes: array (
  'file' => 'Home/index.ctp',
)
Request URL: /
Stack Trace:
#0 /Users/minghui/Documents/Project/trial/lib/Cake/View/View.php(470): View->_getViewFileName(NULL)
#1 /Users/minghui/Documents/Project/trial/lib/Cake/Controller/Controller.php(960): View->render(NULL, NULL)
#2 /Users/minghui/Documents/Project/trial/lib/Cake/Routing/Dispatcher.php(200): Controller->render()
#3 /Users/minghui/Documents/Project/trial/lib/Cake/Routing/Dispatcher.php(167): Dispatcher->_invoke(Object(HomeController), Object(CakeRequest))
#4 /Users/minghui/Documents/Project/trial/app/webroot/index.php(118): Dispatcher->dispatch(Object(CakeRequest), Object(CakeResponse))
#5 {main}
2015-05-21 18:06:44 Error: [MissingViewException] View file "Home/index.ctp" is missing.
Exception Attributes: array (
  'file' => 'Home/index.ctp',
)
Request URL: /
Stack Trace:
#0 /Users/minghui/Documents/Project/trial/lib/Cake/View/View.php(470): View->_getViewFileName(NULL)
#1 /Users/minghui/Documents/Project/trial/lib/Cake/Controller/Controller.php(960): View->render(NULL, NULL)
#2 /Users/minghui/Documents/Project/trial/lib/Cake/Routing/Dispatcher.php(200): Controller->render()
#3 /Users/minghui/Documents/Project/trial/lib/Cake/Routing/Dispatcher.php(167): Dispatcher->_invoke(Object(HomeController), Object(CakeRequest))
#4 /Users/minghui/Documents/Project/trial/app/webroot/index.php(118): Dispatcher->dispatch(Object(CakeRequest), Object(CakeResponse))
#5 {main}
2015-05-21 18:11:46 Error: [MissingViewException] View file "Layouts/metronic_new.ctp" is missing.
Exception Attributes: array (
  'file' => 'Layouts/metronic_new.ctp',
)
Request URL: /
Stack Trace:
#0 /Users/minghui/Documents/Project/trial/lib/Cake/View/View.php(722): View->_getViewFileName('/Layouts/metron...')
#1 /Users/minghui/Documents/Project/trial/app/View/Layouts/default.ctp(63): View->extend('/Layouts/metron...')
#2 /Users/minghui/Documents/Project/trial/lib/Cake/View/View.php(961): include('/Users/minghui/...')
#3 /Users/minghui/Documents/Project/trial/lib/Cake/View/View.php(923): View->_evaluate('/Users/minghui/...', Array)
#4 /Users/minghui/Documents/Project/trial/lib/Cake/View/View.php(546): View->_render('/Users/minghui/...')
#5 /Users/minghui/Documents/Project/trial/lib/Cake/View/View.php(481): View->renderLayout('', 'default')
#6 /Users/minghui/Documents/Project/trial/lib/Cake/Controller/Controller.php(960): View->render(NULL, NULL)
#7 /Users/minghui/Documents/Project/trial/lib/Cake/Routing/Dispatcher.php(200): Controller->render()
#8 /Users/minghui/Documents/Project/trial/lib/Cake/Routing/Dispatcher.php(167): Dispatcher->_invoke(Object(HomeController), Object(CakeRequest))
#9 /Users/minghui/Documents/Project/trial/app/webroot/index.php(118): Dispatcher->dispatch(Object(CakeRequest), Object(CakeResponse))
#10 {main}
2015-05-21 18:11:49 Error: Fatal Error (1): Allowed memory size of 33554432 bytes exhausted (tried to allocate 262144 bytes) in [/Users/minghui/Documents/Project/trial/lib/Cake/Utility/Debugger.php, line 801]
2015-05-21 18:11:49 Error: [FatalErrorException] Allowed memory size of 33554432 bytes exhausted (tried to allocate 262144 bytes)
Request URL: /
Stack Trace:
#0 /Users/minghui/Documents/Project/trial/lib/Cake/Error/ErrorHandler.php(213): ErrorHandler::handleFatalError(1, 'Allowed memory ...', '/Users/minghui/...', 801)
#1 [internal function]: ErrorHandler::handleError(1, 'Allowed memory ...', '/Users/minghui/...', 801, Array)
#2 /Users/minghui/Documents/Project/trial/lib/Cake/Core/App.php(933): call_user_func('ErrorHandler::h...', 1, 'Allowed memory ...', '/Users/minghui/...', 801, Array)
#3 /Users/minghui/Documents/Project/trial/lib/Cake/Core/App.php(906): App::_checkFatalError()
#4 [internal function]: App::shutdown()
#5 {main}
2015-05-21 18:11:58 Error: [MissingControllerException] Controller class ImgController could not be found.
Exception Attributes: array (
  'class' => 'ImgController',
  'plugin' => NULL,
)
Request URL: /img/LOGOSITE
Stack Trace:
#0 /Users/minghui/Documents/Project/trial/app/webroot/index.php(118): Dispatcher->dispatch(Object(CakeRequest), Object(CakeResponse))
#1 {main}
2022-09-22 13:07:16 Error: Fatal Error (64): Cannot use 'String' as class name as it is reserved in [C:\xampp\htdocs\Dewtouch-interview\lib\Cake\Utility\String.php, line 24]
2022-09-22 13:07:16 Error: [FatalErrorException] Cannot use 'String' as class name as it is reserved
Stack Trace:
#0 C:\xampp\htdocs\Dewtouch-interview\lib\Cake\Error\ErrorHandler.php(213): ErrorHandler::handleFatalError(64, 'Cannot use 'Str...', 'C:\\xampp\\htdocs...', 24)
#1 C:\xampp\htdocs\Dewtouch-interview\lib\Cake\Core\App.php(933): ErrorHandler::handleError(64, 'Cannot use 'Str...', 'C:\\xampp\\htdocs...', 24, Array)
#2 C:\xampp\htdocs\Dewtouch-interview\lib\Cake\Core\App.php(906): App::_checkFatalError()
#3 [internal function]: App::shutdown()
#4 {main}
2022-09-22 19:13:49 Error: [MissingConnectionException] Database connection "Mysql" is missing, or could not be created.
Exception Attributes: array (
  'class' => 'Mysql',
  'message' => 'Selected driver is not enabled',
  'enabled' => false,
)
Request URL: /Dewtouch-interview/Record
Stack Trace:
#0 C:\xampp\htdocs\Dewtouch-interview\lib\Cake\Model\ConnectionManager.php(105): DboSource->__construct(Array)
#1 C:\xampp\htdocs\Dewtouch-interview\lib\Cake\Model\Model.php(3617): ConnectionManager::getDataSource('default')
#2 C:\xampp\htdocs\Dewtouch-interview\lib\Cake\Model\Model.php(1155): Model->setDataSource('default')
#3 C:\xampp\htdocs\Dewtouch-interview\lib\Cake\Model\Model.php(3644): Model->setSource('records')
#4 C:\xampp\htdocs\Dewtouch-interview\lib\Cake\Model\Model.php(3022): Model->getDataSource()
#5 C:\xampp\htdocs\Dewtouch-interview\lib\Cake\Model\Model.php(2994): Model->_readDataSource('all', Array)
#6 C:\xampp\htdocs\Dewtouch-interview\app\Controller\RecordController.php(11): Model->find('all')
#7 [internal function]: RecordController->index()
#8 C:\xampp\htdocs\Dewtouch-interview\lib\Cake\Controller\Controller.php(490): ReflectionMethod->invokeArgs(Object(RecordController), Array)
#9 C:\xampp\htdocs\Dewtouch-interview\lib\Cake\Routing\Dispatcher.php(193): Controller->invokeAction(Object(CakeRequest))
#10 C:\xampp\htdocs\Dewtouch-interview\lib\Cake\Routing\Dispatcher.php(167): Dispatcher->_invoke(Object(RecordController), Object(CakeRequest))
#11 C:\xampp\htdocs\Dewtouch-interview\app\webroot\index.php(118): Dispatcher->dispatch(Object(CakeRequest), Object(CakeResponse))
#12 {main}
2022-09-22 19:22:57 Error: [MissingConnectionException] Database connection "Mysql" is missing, or could not be created.
Exception Attributes: array (
  'class' => 'Mysql',
  'message' => 'Selected driver is not enabled',
  'enabled' => false,
)
Request URL: /Dewtouch-interview/Record
Stack Trace:
#0 C:\xampp\htdocs\Dewtouch-interview\lib\Cake\Model\ConnectionManager.php(105): DboSource->__construct(Array)
#1 C:\xampp\htdocs\Dewtouch-interview\lib\Cake\Model\Model.php(3617): ConnectionManager::getDataSource('default')
#2 C:\xampp\htdocs\Dewtouch-interview\lib\Cake\Model\Model.php(1155): Model->setDataSource('default')
#3 C:\xampp\htdocs\Dewtouch-interview\lib\Cake\Model\Model.php(3644): Model->setSource('records')
#4 C:\xampp\htdocs\Dewtouch-interview\lib\Cake\Model\Model.php(3022): Model->getDataSource()
#5 C:\xampp\htdocs\Dewtouch-interview\lib\Cake\Model\Model.php(2994): Model->_readDataSource('all', Array)
#6 C:\xampp\htdocs\Dewtouch-interview\app\Controller\RecordController.php(11): Model->find('all')
#7 [internal function]: RecordController->index()
#8 C:\xampp\htdocs\Dewtouch-interview\lib\Cake\Controller\Controller.php(490): ReflectionMethod->invokeArgs(Object(RecordController), Array)
#9 C:\xampp\htdocs\Dewtouch-interview\lib\Cake\Routing\Dispatcher.php(193): Controller->invokeAction(Object(CakeRequest))
#10 C:\xampp\htdocs\Dewtouch-interview\lib\Cake\Routing\Dispatcher.php(167): Dispatcher->_invoke(Object(RecordController), Object(CakeRequest))
#11 C:\xampp\htdocs\Dewtouch-interview\app\webroot\index.php(118): Dispatcher->dispatch(Object(CakeRequest), Object(CakeResponse))
#12 {main}
2022-09-22 19:25:42 Error: [MissingConnectionException] Database connection "Mysql" is missing, or could not be created.
Exception Attributes: array (
  'class' => 'Mysql',
  'message' => 'Selected driver is not enabled',
  'enabled' => false,
)
Request URL: /Dewtouch-interview/Record
Stack Trace:
#0 C:\xampp\htdocs\Dewtouch-interview\lib\Cake\Model\ConnectionManager.php(105): DboSource->__construct(Array)
#1 C:\xampp\htdocs\Dewtouch-interview\lib\Cake\Model\Model.php(3617): ConnectionManager::getDataSource('default')
#2 C:\xampp\htdocs\Dewtouch-interview\lib\Cake\Model\Model.php(1155): Model->setDataSource('default')
#3 C:\xampp\htdocs\Dewtouch-interview\lib\Cake\Model\Model.php(3644): Model->setSource('records')
#4 C:\xampp\htdocs\Dewtouch-interview\lib\Cake\Model\Model.php(3022): Model->getDataSource()
#5 C:\xampp\htdocs\Dewtouch-interview\lib\Cake\Model\Model.php(2994): Model->_readDataSource('all', Array)
#6 C:\xampp\htdocs\Dewtouch-interview\app\Controller\RecordController.php(11): Model->find('all')
#7 [internal function]: RecordController->index()
#8 C:\xampp\htdocs\Dewtouch-interview\lib\Cake\Controller\Controller.php(490): ReflectionMethod->invokeArgs(Object(RecordController), Array)
#9 C:\xampp\htdocs\Dewtouch-interview\lib\Cake\Routing\Dispatcher.php(193): Controller->invokeAction(Object(CakeRequest))
#10 C:\xampp\htdocs\Dewtouch-interview\lib\Cake\Routing\Dispatcher.php(167): Dispatcher->_invoke(Object(RecordController), Object(CakeRequest))
#11 C:\xampp\htdocs\Dewtouch-interview\app\webroot\index.php(118): Dispatcher->dispatch(Object(CakeRequest), Object(CakeResponse))
#12 {main}
2022-09-22 19:25:43 Error: [MissingConnectionException] Database connection "Mysql" is missing, or could not be created.
Exception Attributes: array (
  'class' => 'Mysql',
  'message' => 'Selected driver is not enabled',
  'enabled' => false,
)
Request URL: /Dewtouch-interview/Record
Stack Trace:
#0 C:\xampp\htdocs\Dewtouch-interview\lib\Cake\Model\ConnectionManager.php(105): DboSource->__construct(Array)
#1 C:\xampp\htdocs\Dewtouch-interview\lib\Cake\Model\Model.php(3617): ConnectionManager::getDataSource('default')
#2 C:\xampp\htdocs\Dewtouch-interview\lib\Cake\Model\Model.php(1155): Model->setDataSource('default')
#3 C:\xampp\htdocs\Dewtouch-interview\lib\Cake\Model\Model.php(3644): Model->setSource('records')
#4 C:\xampp\htdocs\Dewtouch-interview\lib\Cake\Model\Model.php(3022): Model->getDataSource()
#5 C:\xampp\htdocs\Dewtouch-interview\lib\Cake\Model\Model.php(2994): Model->_readDataSource('all', Array)
#6 C:\xampp\htdocs\Dewtouch-interview\app\Controller\RecordController.php(11): Model->find('all')
#7 [internal function]: RecordController->index()
#8 C:\xampp\htdocs\Dewtouch-interview\lib\Cake\Controller\Controller.php(490): ReflectionMethod->invokeArgs(Object(RecordController), Array)
#9 C:\xampp\htdocs\Dewtouch-interview\lib\Cake\Routing\Dispatcher.php(193): Controller->invokeAction(Object(CakeRequest))
#10 C:\xampp\htdocs\Dewtouch-interview\lib\Cake\Routing\Dispatcher.php(167): Dispatcher->_invoke(Object(RecordController), Object(CakeRequest))
#11 C:\xampp\htdocs\Dewtouch-interview\app\webroot\index.php(118): Dispatcher->dispatch(Object(CakeRequest), Object(CakeResponse))
#12 {main}
2022-09-22 19:28:22 Error: [MissingConnectionException] Database connection "Mysql" is missing, or could not be created.
Exception Attributes: array (
  'class' => 'Mysql',
  'message' => 'Selected driver is not enabled',
  'enabled' => false,
)
Request URL: /Dewtouch-interview/Record
Stack Trace:
#0 C:\xampp\htdocs\Dewtouch-interview\lib\Cake\Model\ConnectionManager.php(105): DboSource->__construct(Array)
#1 C:\xampp\htdocs\Dewtouch-interview\lib\Cake\Model\Model.php(3617): ConnectionManager::getDataSource('default')
#2 C:\xampp\htdocs\Dewtouch-interview\lib\Cake\Model\Model.php(1155): Model->setDataSource('default')
#3 C:\xampp\htdocs\Dewtouch-interview\lib\Cake\Model\Model.php(3644): Model->setSource('records')
#4 C:\xampp\htdocs\Dewtouch-interview\lib\Cake\Model\Model.php(3022): Model->getDataSource()
#5 C:\xampp\htdocs\Dewtouch-interview\lib\Cake\Model\Model.php(2994): Model->_readDataSource('all', Array)
#6 C:\xampp\htdocs\Dewtouch-interview\app\Controller\RecordController.php(11): Model->find('all')
#7 [internal function]: RecordController->index()
#8 C:\xampp\htdocs\Dewtouch-interview\lib\Cake\Controller\Controller.php(490): ReflectionMethod->invokeArgs(Object(RecordController), Array)
#9 C:\xampp\htdocs\Dewtouch-interview\lib\Cake\Routing\Dispatcher.php(193): Controller->invokeAction(Object(CakeRequest))
#10 C:\xampp\htdocs\Dewtouch-interview\lib\Cake\Routing\Dispatcher.php(167): Dispatcher->_invoke(Object(RecordController), Object(CakeRequest))
#11 C:\xampp\htdocs\Dewtouch-interview\app\webroot\index.php(118): Dispatcher->dispatch(Object(CakeRequest), Object(CakeResponse))
#12 {main}
2022-09-22 19:28:23 Error: [MissingConnectionException] Database connection "Mysql" is missing, or could not be created.
Exception Attributes: array (
  'class' => 'Mysql',
  'message' => 'Selected driver is not enabled',
  'enabled' => false,
)
Request URL: /Dewtouch-interview/Record
Stack Trace:
#0 C:\xampp\htdocs\Dewtouch-interview\lib\Cake\Model\ConnectionManager.php(105): DboSource->__construct(Array)
#1 C:\xampp\htdocs\Dewtouch-interview\lib\Cake\Model\Model.php(3617): ConnectionManager::getDataSource('default')
#2 C:\xampp\htdocs\Dewtouch-interview\lib\Cake\Model\Model.php(1155): Model->setDataSource('default')
#3 C:\xampp\htdocs\Dewtouch-interview\lib\Cake\Model\Model.php(3644): Model->setSource('records')
#4 C:\xampp\htdocs\Dewtouch-interview\lib\Cake\Model\Model.php(3022): Model->getDataSource()
#5 C:\xampp\htdocs\Dewtouch-interview\lib\Cake\Model\Model.php(2994): Model->_readDataSource('all', Array)
#6 C:\xampp\htdocs\Dewtouch-interview\app\Controller\RecordController.php(11): Model->find('all')
#7 [internal function]: RecordController->index()
#8 C:\xampp\htdocs\Dewtouch-interview\lib\Cake\Controller\Controller.php(490): ReflectionMethod->invokeArgs(Object(RecordController), Array)
#9 C:\xampp\htdocs\Dewtouch-interview\lib\Cake\Routing\Dispatcher.php(193): Controller->invokeAction(Object(CakeRequest))
#10 C:\xampp\htdocs\Dewtouch-interview\lib\Cake\Routing\Dispatcher.php(167): Dispatcher->_invoke(Object(RecordController), Object(CakeRequest))
#11 C:\xampp\htdocs\Dewtouch-interview\app\webroot\index.php(118): Dispatcher->dispatch(Object(CakeRequest), Object(CakeResponse))
#12 {main}
2022-09-22 19:28:24 Error: [MissingConnectionException] Database connection "Mysql" is missing, or could not be created.
Exception Attributes: array (
  'class' => 'Mysql',
  'message' => 'Selected driver is not enabled',
  'enabled' => false,
)
Request URL: /Dewtouch-interview/Record
Stack Trace:
#0 C:\xampp\htdocs\Dewtouch-interview\lib\Cake\Model\ConnectionManager.php(105): DboSource->__construct(Array)
#1 C:\xampp\htdocs\Dewtouch-interview\lib\Cake\Model\Model.php(3617): ConnectionManager::getDataSource('default')
#2 C:\xampp\htdocs\Dewtouch-interview\lib\Cake\Model\Model.php(1155): Model->setDataSource('default')
#3 C:\xampp\htdocs\Dewtouch-interview\lib\Cake\Model\Model.php(3644): Model->setSource('records')
#4 C:\xampp\htdocs\Dewtouch-interview\lib\Cake\Model\Model.php(3022): Model->getDataSource()
#5 C:\xampp\htdocs\Dewtouch-interview\lib\Cake\Model\Model.php(2994): Model->_readDataSource('all', Array)
#6 C:\xampp\htdocs\Dewtouch-interview\app\Controller\RecordController.php(11): Model->find('all')
#7 [internal function]: RecordController->index()
#8 C:\xampp\htdocs\Dewtouch-interview\lib\Cake\Controller\Controller.php(490): ReflectionMethod->invokeArgs(Object(RecordController), Array)
#9 C:\xampp\htdocs\Dewtouch-interview\lib\Cake\Routing\Dispatcher.php(193): Controller->invokeAction(Object(CakeRequest))
#10 C:\xampp\htdocs\Dewtouch-interview\lib\Cake\Routing\Dispatcher.php(167): Dispatcher->_invoke(Object(RecordController), Object(CakeRequest))
#11 C:\xampp\htdocs\Dewtouch-interview\app\webroot\index.php(118): Dispatcher->dispatch(Object(CakeRequest), Object(CakeResponse))
#12 {main}
2022-09-22 19:28:56 Error: [MissingConnectionException] Database connection "Mysql" is missing, or could not be created.
Exception Attributes: array (
  'class' => 'Mysql',
  'message' => 'Selected driver is not enabled',
  'enabled' => false,
)
Request URL: /Dewtouch-interview/Record
Stack Trace:
#0 C:\xampp\htdocs\Dewtouch-interview\lib\Cake\Model\ConnectionManager.php(105): DboSource->__construct(Array)
#1 C:\xampp\htdocs\Dewtouch-interview\lib\Cake\Model\Model.php(3617): ConnectionManager::getDataSource('default')
#2 C:\xampp\htdocs\Dewtouch-interview\lib\Cake\Model\Model.php(1155): Model->setDataSource('default')
#3 C:\xampp\htdocs\Dewtouch-interview\lib\Cake\Model\Model.php(3644): Model->setSource('records')
#4 C:\xampp\htdocs\Dewtouch-interview\lib\Cake\Model\Model.php(3022): Model->getDataSource()
#5 C:\xampp\htdocs\Dewtouch-interview\lib\Cake\Model\Model.php(2994): Model->_readDataSource('all', Array)
#6 C:\xampp\htdocs\Dewtouch-interview\app\Controller\RecordController.php(11): Model->find('all')
#7 [internal function]: RecordController->index()
#8 C:\xampp\htdocs\Dewtouch-interview\lib\Cake\Controller\Controller.php(490): ReflectionMethod->invokeArgs(Object(RecordController), Array)
#9 C:\xampp\htdocs\Dewtouch-interview\lib\Cake\Routing\Dispatcher.php(193): Controller->invokeAction(Object(CakeRequest))
#10 C:\xampp\htdocs\Dewtouch-interview\lib\Cake\Routing\Dispatcher.php(167): Dispatcher->_invoke(Object(RecordController), Object(CakeRequest))
#11 C:\xampp\htdocs\Dewtouch-interview\app\webroot\index.php(118): Dispatcher->dispatch(Object(CakeRequest), Object(CakeResponse))
#12 {main}
2022-09-22 19:32:16 Error: [MissingConnectionException] Database connection "Mysql" is missing, or could not be created.
Exception Attributes: array (
  'class' => 'Mysql',
  'message' => 'Selected driver is not enabled',
  'enabled' => false,
)
Request URL: /Dewtouch-interview/Record
Stack Trace:
#0 C:\xampp\htdocs\Dewtouch-interview\lib\Cake\Model\ConnectionManager.php(105): DboSource->__construct(Array)
#1 C:\xampp\htdocs\Dewtouch-interview\lib\Cake\Model\Model.php(3617): ConnectionManager::getDataSource('default')
#2 C:\xampp\htdocs\Dewtouch-interview\lib\Cake\Model\Model.php(1155): Model->setDataSource('default')
#3 C:\xampp\htdocs\Dewtouch-interview\lib\Cake\Model\Model.php(3644): Model->setSource('records')
#4 C:\xampp\htdocs\Dewtouch-interview\lib\Cake\Model\Model.php(3022): Model->getDataSource()
#5 C:\xampp\htdocs\Dewtouch-interview\lib\Cake\Model\Model.php(2994): Model->_readDataSource('all', Array)
#6 C:\xampp\htdocs\Dewtouch-interview\app\Controller\RecordController.php(11): Model->find('all')
#7 [internal function]: RecordController->index()
#8 C:\xampp\htdocs\Dewtouch-interview\lib\Cake\Controller\Controller.php(490): ReflectionMethod->invokeArgs(Object(RecordController), Array)
#9 C:\xampp\htdocs\Dewtouch-interview\lib\Cake\Routing\Dispatcher.php(193): Controller->invokeAction(Object(CakeRequest))
#10 C:\xampp\htdocs\Dewtouch-interview\lib\Cake\Routing\Dispatcher.php(167): Dispatcher->_invoke(Object(RecordController), Object(CakeRequest))
#11 C:\xampp\htdocs\Dewtouch-interview\app\webroot\index.php(118): Dispatcher->dispatch(Object(CakeRequest), Object(CakeResponse))
#12 {main}
2022-09-22 19:32:58 Error: [MissingConnectionException] Database connection "Mysql" is missing, or could not be created.
Exception Attributes: array (
  'class' => 'Mysql',
  'message' => 'Selected driver is not enabled',
  'enabled' => false,
)
Request URL: /Dewtouch-interview/OrderReport
Stack Trace:
#0 C:\xampp\htdocs\Dewtouch-interview\lib\Cake\Model\ConnectionManager.php(105): DboSource->__construct(Array)
#1 C:\xampp\htdocs\Dewtouch-interview\lib\Cake\Model\Model.php(3617): ConnectionManager::getDataSource('default')
#2 C:\xampp\htdocs\Dewtouch-interview\lib\Cake\Model\Model.php(1155): Model->setDataSource('default')
#3 C:\xampp\htdocs\Dewtouch-interview\lib\Cake\Model\Model.php(3644): Model->setSource('orders')
#4 C:\xampp\htdocs\Dewtouch-interview\lib\Cake\Model\Model.php(3022): Model->getDataSource()
#5 C:\xampp\htdocs\Dewtouch-interview\lib\Cake\Model\Model.php(2994): Model->_readDataSource('all', Array)
#6 C:\xampp\htdocs\Dewtouch-interview\app\Controller\OrderReportController.php(9): Model->find('all', Array)
#7 [internal function]: OrderReportController->index()
#8 C:\xampp\htdocs\Dewtouch-interview\lib\Cake\Controller\Controller.php(490): ReflectionMethod->invokeArgs(Object(OrderReportController), Array)
#9 C:\xampp\htdocs\Dewtouch-interview\lib\Cake\Routing\Dispatcher.php(193): Controller->invokeAction(Object(CakeRequest))
#10 C:\xampp\htdocs\Dewtouch-interview\lib\Cake\Routing\Dispatcher.php(167): Dispatcher->_invoke(Object(OrderReportController), Object(CakeRequest))
#11 C:\xampp\htdocs\Dewtouch-interview\app\webroot\index.php(118): Dispatcher->dispatch(Object(CakeRequest), Object(CakeResponse))
#12 {main}
2022-09-22 19:33:02 Error: [MissingConnectionException] Database connection "Mysql" is missing, or could not be created.
Exception Attributes: array (
  'class' => 'Mysql',
  'message' => 'Selected driver is not enabled',
  'enabled' => false,
)
Request URL: /Dewtouch-interview/FileUpload
Stack Trace:
#0 C:\xampp\htdocs\Dewtouch-interview\lib\Cake\Model\ConnectionManager.php(105): DboSource->__construct(Array)
#1 C:\xampp\htdocs\Dewtouch-interview\lib\Cake\Model\Model.php(3617): ConnectionManager::getDataSource('default')
#2 C:\xampp\htdocs\Dewtouch-interview\lib\Cake\Model\Model.php(1155): Model->setDataSource('default')
#3 C:\xampp\htdocs\Dewtouch-interview\lib\Cake\Model\Model.php(3644): Model->setSource('file_uploads')
#4 C:\xampp\htdocs\Dewtouch-interview\lib\Cake\Model\Model.php(3022): Model->getDataSource()
#5 C:\xampp\htdocs\Dewtouch-interview\lib\Cake\Model\Model.php(2994): Model->_readDataSource('all', Array)
#6 C:\xampp\htdocs\Dewtouch-interview\app\Controller\FileUploadController.php(7): Model->find('all')
#7 [internal function]: FileUploadController->index()
#8 C:\xampp\htdocs\Dewtouch-interview\lib\Cake\Controller\Controller.php(490): ReflectionMethod->invokeArgs(Object(FileUploadController), Array)
#9 C:\xampp\htdocs\Dewtouch-interview\lib\Cake\Routing\Dispatcher.php(193): Controller->invokeAction(Object(CakeRequest))
#10 C:\xampp\htdocs\Dewtouch-interview\lib\Cake\Routing\Dispatcher.php(167): Dispatcher->_invoke(Object(FileUploadController), Object(CakeRequest))
#11 C:\xampp\htdocs\Dewtouch-interview\app\webroot\index.php(118): Dispatcher->dispatch(Object(CakeRequest), Object(CakeResponse))
#12 {main}
2022-09-22 19:35:51 Error: [MissingConnectionException] Database connection "Mysql" is missing, or could not be created.
Exception Attributes: array (
  'class' => 'Mysql',
  'message' => 'Selected driver is not enabled',
  'enabled' => false,
)
Request URL: /Dewtouch-interview/Record
Stack Trace:
#0 C:\xampp\htdocs\Dewtouch-interview\lib\Cake\Model\ConnectionManager.php(105): DboSource->__construct(Array)
#1 C:\xampp\htdocs\Dewtouch-interview\lib\Cake\Model\Model.php(3617): ConnectionManager::getDataSource('default')
#2 C:\xampp\htdocs\Dewtouch-interview\lib\Cake\Model\Model.php(1155): Model->setDataSource('default')
#3 C:\xampp\htdocs\Dewtouch-interview\lib\Cake\Model\Model.php(3644): Model->setSource('records')
#4 C:\xampp\htdocs\Dewtouch-interview\lib\Cake\Model\Model.php(3022): Model->getDataSource()
#5 C:\xampp\htdocs\Dewtouch-interview\lib\Cake\Model\Model.php(2994): Model->_readDataSource('all', Array)
#6 C:\xampp\htdocs\Dewtouch-interview\app\Controller\RecordController.php(11): Model->find('all')
#7 [internal function]: RecordController->index()
#8 C:\xampp\htdocs\Dewtouch-interview\lib\Cake\Controller\Controller.php(490): ReflectionMethod->invokeArgs(Object(RecordController), Array)
#9 C:\xampp\htdocs\Dewtouch-interview\lib\Cake\Routing\Dispatcher.php(193): Controller->invokeAction(Object(CakeRequest))
#10 C:\xampp\htdocs\Dewtouch-interview\lib\Cake\Routing\Dispatcher.php(167): Dispatcher->_invoke(Object(RecordController), Object(CakeRequest))
#11 C:\xampp\htdocs\Dewtouch-interview\app\webroot\index.php(118): Dispatcher->dispatch(Object(CakeRequest), Object(CakeResponse))
#12 {main}
2022-09-22 19:38:54 Error: [MissingConnectionException] Database connection "Mysql" is missing, or could not be created.
Exception Attributes: array (
  'class' => 'Mysql',
  'message' => 'Selected driver is not enabled',
  'enabled' => false,
)
Request URL: /Dewtouch-interview/Record
Stack Trace:
#0 C:\xampp\htdocs\Dewtouch-interview\lib\Cake\Model\ConnectionManager.php(105): DboSource->__construct(Array)
#1 C:\xampp\htdocs\Dewtouch-interview\lib\Cake\Model\Model.php(3617): ConnectionManager::getDataSource('default')
#2 C:\xampp\htdocs\Dewtouch-interview\lib\Cake\Model\Model.php(1155): Model->setDataSource('default')
#3 C:\xampp\htdocs\Dewtouch-interview\lib\Cake\Model\Model.php(3644): Model->setSource('records')
#4 C:\xampp\htdocs\Dewtouch-interview\lib\Cake\Model\Model.php(3022): Model->getDataSource()
#5 C:\xampp\htdocs\Dewtouch-interview\lib\Cake\Model\Model.php(2994): Model->_readDataSource('all', Array)
#6 C:\xampp\htdocs\Dewtouch-interview\app\Controller\RecordController.php(11): Model->find('all')
#7 [internal function]: RecordController->index()
#8 C:\xampp\htdocs\Dewtouch-interview\lib\Cake\Controller\Controller.php(490): ReflectionMethod->invokeArgs(Object(RecordController), Array)
#9 C:\xampp\htdocs\Dewtouch-interview\lib\Cake\Routing\Dispatcher.php(193): Controller->invokeAction(Object(CakeRequest))
#10 C:\xampp\htdocs\Dewtouch-interview\lib\Cake\Routing\Dispatcher.php(167): Dispatcher->_invoke(Object(RecordController), Object(CakeRequest))
#11 C:\xampp\htdocs\Dewtouch-interview\app\webroot\index.php(118): Dispatcher->dispatch(Object(CakeRequest), Object(CakeResponse))
#12 {main}
2022-09-22 19:41:15 Error: [MissingConnectionException] Database connection "Mysql" is missing, or could not be created.
Exception Attributes: array (
  'class' => 'Mysql',
  'message' => 'Selected driver is not enabled',
  'enabled' => false,
)
Request URL: /Dewtouch-interview/Record
Stack Trace:
#0 C:\xampp\htdocs\Dewtouch-interview\lib\Cake\Model\ConnectionManager.php(105): DboSource->__construct(Array)
#1 C:\xampp\htdocs\Dewtouch-interview\lib\Cake\Model\Model.php(3617): ConnectionManager::getDataSource('default')
#2 C:\xampp\htdocs\Dewtouch-interview\lib\Cake\Model\Model.php(1155): Model->setDataSource('default')
#3 C:\xampp\htdocs\Dewtouch-interview\lib\Cake\Model\Model.php(3644): Model->setSource('records')
#4 C:\xampp\htdocs\Dewtouch-interview\lib\Cake\Model\Model.php(3022): Model->getDataSource()
#5 C:\xampp\htdocs\Dewtouch-interview\lib\Cake\Model\Model.php(2994): Model->_readDataSource('all', Array)
#6 C:\xampp\htdocs\Dewtouch-interview\app\Controller\RecordController.php(11): Model->find('all')
#7 [internal function]: RecordController->index()
#8 C:\xampp\htdocs\Dewtouch-interview\lib\Cake\Controller\Controller.php(490): ReflectionMethod->invokeArgs(Object(RecordController), Array)
#9 C:\xampp\htdocs\Dewtouch-interview\lib\Cake\Routing\Dispatcher.php(193): Controller->invokeAction(Object(CakeRequest))
#10 C:\xampp\htdocs\Dewtouch-interview\lib\Cake\Routing\Dispatcher.php(167): Dispatcher->_invoke(Object(RecordController), Object(CakeRequest))
#11 C:\xampp\htdocs\Dewtouch-interview\app\webroot\index.php(118): Dispatcher->dispatch(Object(CakeRequest), Object(CakeResponse))
#12 {main}
2022-09-22 19:41:16 Error: [MissingConnectionException] Database connection "Mysql" is missing, or could not be created.
Exception Attributes: array (
  'class' => 'Mysql',
  'message' => 'Selected driver is not enabled',
  'enabled' => false,
)
Request URL: /Dewtouch-interview/Record
Stack Trace:
#0 C:\xampp\htdocs\Dewtouch-interview\lib\Cake\Model\ConnectionManager.php(105): DboSource->__construct(Array)
#1 C:\xampp\htdocs\Dewtouch-interview\lib\Cake\Model\Model.php(3617): ConnectionManager::getDataSource('default')
#2 C:\xampp\htdocs\Dewtouch-interview\lib\Cake\Model\Model.php(1155): Model->setDataSource('default')
#3 C:\xampp\htdocs\Dewtouch-interview\lib\Cake\Model\Model.php(3644): Model->setSource('records')
#4 C:\xampp\htdocs\Dewtouch-interview\lib\Cake\Model\Model.php(3022): Model->getDataSource()
#5 C:\xampp\htdocs\Dewtouch-interview\lib\Cake\Model\Model.php(2994): Model->_readDataSource('all', Array)
#6 C:\xampp\htdocs\Dewtouch-interview\app\Controller\RecordController.php(11): Model->find('all')
#7 [internal function]: RecordController->index()
#8 C:\xampp\htdocs\Dewtouch-interview\lib\Cake\Controller\Controller.php(490): ReflectionMethod->invokeArgs(Object(RecordController), Array)
#9 C:\xampp\htdocs\Dewtouch-interview\lib\Cake\Routing\Dispatcher.php(193): Controller->invokeAction(Object(CakeRequest))
#10 C:\xampp\htdocs\Dewtouch-interview\lib\Cake\Routing\Dispatcher.php(167): Dispatcher->_invoke(Object(RecordController), Object(CakeRequest))
#11 C:\xampp\htdocs\Dewtouch-interview\app\webroot\index.php(118): Dispatcher->dispatch(Object(CakeRequest), Object(CakeResponse))
#12 {main}
2022-09-22 19:41:17 Error: [MissingConnectionException] Database connection "Mysql" is missing, or could not be created.
Exception Attributes: array (
  'class' => 'Mysql',
  'message' => 'Selected driver is not enabled',
  'enabled' => false,
)
Request URL: /Dewtouch-interview/Record
Stack Trace:
#0 C:\xampp\htdocs\Dewtouch-interview\lib\Cake\Model\ConnectionManager.php(105): DboSource->__construct(Array)
#1 C:\xampp\htdocs\Dewtouch-interview\lib\Cake\Model\Model.php(3617): ConnectionManager::getDataSource('default')
#2 C:\xampp\htdocs\Dewtouch-interview\lib\Cake\Model\Model.php(1155): Model->setDataSource('default')
#3 C:\xampp\htdocs\Dewtouch-interview\lib\Cake\Model\Model.php(3644): Model->setSource('records')
#4 C:\xampp\htdocs\Dewtouch-interview\lib\Cake\Model\Model.php(3022): Model->getDataSource()
#5 C:\xampp\htdocs\Dewtouch-interview\lib\Cake\Model\Model.php(2994): Model->_readDataSource('all', Array)
#6 C:\xampp\htdocs\Dewtouch-interview\app\Controller\RecordController.php(11): Model->find('all')
#7 [internal function]: RecordController->index()
#8 C:\xampp\htdocs\Dewtouch-interview\lib\Cake\Controller\Controller.php(490): ReflectionMethod->invokeArgs(Object(RecordController), Array)
#9 C:\xampp\htdocs\Dewtouch-interview\lib\Cake\Routing\Dispatcher.php(193): Controller->invokeAction(Object(CakeRequest))
#10 C:\xampp\htdocs\Dewtouch-interview\lib\Cake\Routing\Dispatcher.php(167): Dispatcher->_invoke(Object(RecordController), Object(CakeRequest))
#11 C:\xampp\htdocs\Dewtouch-interview\app\webroot\index.php(118): Dispatcher->dispatch(Object(CakeRequest), Object(CakeResponse))
#12 {main}
2022-09-22 19:41:17 Error: [MissingConnectionException] Database connection "Mysql" is missing, or could not be created.
Exception Attributes: array (
  'class' => 'Mysql',
  'message' => 'Selected driver is not enabled',
  'enabled' => false,
)
Request URL: /Dewtouch-interview/Record
Stack Trace:
#0 C:\xampp\htdocs\Dewtouch-interview\lib\Cake\Model\ConnectionManager.php(105): DboSource->__construct(Array)
#1 C:\xampp\htdocs\Dewtouch-interview\lib\Cake\Model\Model.php(3617): ConnectionManager::getDataSource('default')
#2 C:\xampp\htdocs\Dewtouch-interview\lib\Cake\Model\Model.php(1155): Model->setDataSource('default')
#3 C:\xampp\htdocs\Dewtouch-interview\lib\Cake\Model\Model.php(3644): Model->setSource('records')
#4 C:\xampp\htdocs\Dewtouch-interview\lib\Cake\Model\Model.php(3022): Model->getDataSource()
#5 C:\xampp\htdocs\Dewtouch-interview\lib\Cake\Model\Model.php(2994): Model->_readDataSource('all', Array)
#6 C:\xampp\htdocs\Dewtouch-interview\app\Controller\RecordController.php(11): Model->find('all')
#7 [internal function]: RecordController->index()
#8 C:\xampp\htdocs\Dewtouch-interview\lib\Cake\Controller\Controller.php(490): ReflectionMethod->invokeArgs(Object(RecordController), Array)
#9 C:\xampp\htdocs\Dewtouch-interview\lib\Cake\Routing\Dispatcher.php(193): Controller->invokeAction(Object(CakeRequest))
#10 C:\xampp\htdocs\Dewtouch-interview\lib\Cake\Routing\Dispatcher.php(167): Dispatcher->_invoke(Object(RecordController), Object(CakeRequest))
#11 C:\xampp\htdocs\Dewtouch-interview\app\webroot\index.php(118): Dispatcher->dispatch(Object(CakeRequest), Object(CakeResponse))
#12 {main}
2022-09-22 19:41:17 Error: [MissingConnectionException] Database connection "Mysql" is missing, or could not be created.
Exception Attributes: array (
  'class' => 'Mysql',
  'message' => 'Selected driver is not enabled',
  'enabled' => false,
)
Request URL: /Dewtouch-interview/Record
Stack Trace:
#0 C:\xampp\htdocs\Dewtouch-interview\lib\Cake\Model\ConnectionManager.php(105): DboSource->__construct(Array)
#1 C:\xampp\htdocs\Dewtouch-interview\lib\Cake\Model\Model.php(3617): ConnectionManager::getDataSource('default')
#2 C:\xampp\htdocs\Dewtouch-interview\lib\Cake\Model\Model.php(1155): Model->setDataSource('default')
#3 C:\xampp\htdocs\Dewtouch-interview\lib\Cake\Model\Model.php(3644): Model->setSource('records')
#4 C:\xampp\htdocs\Dewtouch-interview\lib\Cake\Model\Model.php(3022): Model->getDataSource()
#5 C:\xampp\htdocs\Dewtouch-interview\lib\Cake\Model\Model.php(2994): Model->_readDataSource('all', Array)
#6 C:\xampp\htdocs\Dewtouch-interview\app\Controller\RecordController.php(11): Model->find('all')
#7 [internal function]: RecordController->index()
#8 C:\xampp\htdocs\Dewtouch-interview\lib\Cake\Controller\Controller.php(490): ReflectionMethod->invokeArgs(Object(RecordController), Array)
#9 C:\xampp\htdocs\Dewtouch-interview\lib\Cake\Routing\Dispatcher.php(193): Controller->invokeAction(Object(CakeRequest))
#10 C:\xampp\htdocs\Dewtouch-interview\lib\Cake\Routing\Dispatcher.php(167): Dispatcher->_invoke(Object(RecordController), Object(CakeRequest))
#11 C:\xampp\htdocs\Dewtouch-interview\app\webroot\index.php(118): Dispatcher->dispatch(Object(CakeRequest), Object(CakeResponse))
#12 {main}
2022-09-22 19:41:18 Error: [MissingConnectionException] Database connection "Mysql" is missing, or could not be created.
Exception Attributes: array (
  'class' => 'Mysql',
  'message' => 'Selected driver is not enabled',
  'enabled' => false,
)
Request URL: /Dewtouch-interview/Record
Stack Trace:
#0 C:\xampp\htdocs\Dewtouch-interview\lib\Cake\Model\ConnectionManager.php(105): DboSource->__construct(Array)
#1 C:\xampp\htdocs\Dewtouch-interview\lib\Cake\Model\Model.php(3617): ConnectionManager::getDataSource('default')
#2 C:\xampp\htdocs\Dewtouch-interview\lib\Cake\Model\Model.php(1155): Model->setDataSource('default')
#3 C:\xampp\htdocs\Dewtouch-interview\lib\Cake\Model\Model.php(3644): Model->setSource('records')
#4 C:\xampp\htdocs\Dewtouch-interview\lib\Cake\Model\Model.php(3022): Model->getDataSource()
#5 C:\xampp\htdocs\Dewtouch-interview\lib\Cake\Model\Model.php(2994): Model->_readDataSource('all', Array)
#6 C:\xampp\htdocs\Dewtouch-interview\app\Controller\RecordController.php(11): Model->find('all')
#7 [internal function]: RecordController->index()
#8 C:\xampp\htdocs\Dewtouch-interview\lib\Cake\Controller\Controller.php(490): ReflectionMethod->invokeArgs(Object(RecordController), Array)
#9 C:\xampp\htdocs\Dewtouch-interview\lib\Cake\Routing\Dispatcher.php(193): Controller->invokeAction(Object(CakeRequest))
#10 C:\xampp\htdocs\Dewtouch-interview\lib\Cake\Routing\Dispatcher.php(167): Dispatcher->_invoke(Object(RecordController), Object(CakeRequest))
#11 C:\xampp\htdocs\Dewtouch-interview\app\webroot\index.php(118): Dispatcher->dispatch(Object(CakeRequest), Object(CakeResponse))
#12 {main}
2022-09-22 19:41:18 Error: [MissingConnectionException] Database connection "Mysql" is missing, or could not be created.
Exception Attributes: array (
  'class' => 'Mysql',
  'message' => 'Selected driver is not enabled',
  'enabled' => false,
)
Request URL: /Dewtouch-interview/Record
Stack Trace:
#0 C:\xampp\htdocs\Dewtouch-interview\lib\Cake\Model\ConnectionManager.php(105): DboSource->__construct(Array)
#1 C:\xampp\htdocs\Dewtouch-interview\lib\Cake\Model\Model.php(3617): ConnectionManager::getDataSource('default')
#2 C:\xampp\htdocs\Dewtouch-interview\lib\Cake\Model\Model.php(1155): Model->setDataSource('default')
#3 C:\xampp\htdocs\Dewtouch-interview\lib\Cake\Model\Model.php(3644): Model->setSource('records')
#4 C:\xampp\htdocs\Dewtouch-interview\lib\Cake\Model\Model.php(3022): Model->getDataSource()
#5 C:\xampp\htdocs\Dewtouch-interview\lib\Cake\Model\Model.php(2994): Model->_readDataSource('all', Array)
#6 C:\xampp\htdocs\Dewtouch-interview\app\Controller\RecordController.php(11): Model->find('all')
#7 [internal function]: RecordController->index()
#8 C:\xampp\htdocs\Dewtouch-interview\lib\Cake\Controller\Controller.php(490): ReflectionMethod->invokeArgs(Object(RecordController), Array)
#9 C:\xampp\htdocs\Dewtouch-interview\lib\Cake\Routing\Dispatcher.php(193): Controller->invokeAction(Object(CakeRequest))
#10 C:\xampp\htdocs\Dewtouch-interview\lib\Cake\Routing\Dispatcher.php(167): Dispatcher->_invoke(Object(RecordController), Object(CakeRequest))
#11 C:\xampp\htdocs\Dewtouch-interview\app\webroot\index.php(118): Dispatcher->dispatch(Object(CakeRequest), Object(CakeResponse))
#12 {main}
2022-09-22 19:41:18 Error: [MissingConnectionException] Database connection "Mysql" is missing, or could not be created.
Exception Attributes: array (
  'class' => 'Mysql',
  'message' => 'Selected driver is not enabled',
  'enabled' => false,
)
Request URL: /Dewtouch-interview/Record
Stack Trace:
#0 C:\xampp\htdocs\Dewtouch-interview\lib\Cake\Model\ConnectionManager.php(105): DboSource->__construct(Array)
#1 C:\xampp\htdocs\Dewtouch-interview\lib\Cake\Model\Model.php(3617): ConnectionManager::getDataSource('default')
#2 C:\xampp\htdocs\Dewtouch-interview\lib\Cake\Model\Model.php(1155): Model->setDataSource('default')
#3 C:\xampp\htdocs\Dewtouch-interview\lib\Cake\Model\Model.php(3644): Model->setSource('records')
#4 C:\xampp\htdocs\Dewtouch-interview\lib\Cake\Model\Model.php(3022): Model->getDataSource()
#5 C:\xampp\htdocs\Dewtouch-interview\lib\Cake\Model\Model.php(2994): Model->_readDataSource('all', Array)
#6 C:\xampp\htdocs\Dewtouch-interview\app\Controller\RecordController.php(11): Model->find('all')
#7 [internal function]: RecordController->index()
#8 C:\xampp\htdocs\Dewtouch-interview\lib\Cake\Controller\Controller.php(490): ReflectionMethod->invokeArgs(Object(RecordController), Array)
#9 C:\xampp\htdocs\Dewtouch-interview\lib\Cake\Routing\Dispatcher.php(193): Controller->invokeAction(Object(CakeRequest))
#10 C:\xampp\htdocs\Dewtouch-interview\lib\Cake\Routing\Dispatcher.php(167): Dispatcher->_invoke(Object(RecordController), Object(CakeRequest))
#11 C:\xampp\htdocs\Dewtouch-interview\app\webroot\index.php(118): Dispatcher->dispatch(Object(CakeRequest), Object(CakeResponse))
#12 {main}
2022-09-22 19:41:20 Error: [MissingConnectionException] Database connection "Mysql" is missing, or could not be created.
Exception Attributes: array (
  'class' => 'Mysql',
  'message' => 'Selected driver is not enabled',
  'enabled' => false,
)
Request URL: /Dewtouch-interview/Record
Stack Trace:
#0 C:\xampp\htdocs\Dewtouch-interview\lib\Cake\Model\ConnectionManager.php(105): DboSource->__construct(Array)
#1 C:\xampp\htdocs\Dewtouch-interview\lib\Cake\Model\Model.php(3617): ConnectionManager::getDataSource('default')
#2 C:\xampp\htdocs\Dewtouch-interview\lib\Cake\Model\Model.php(1155): Model->setDataSource('default')
#3 C:\xampp\htdocs\Dewtouch-interview\lib\Cake\Model\Model.php(3644): Model->setSource('records')
#4 C:\xampp\htdocs\Dewtouch-interview\lib\Cake\Model\Model.php(3022): Model->getDataSource()
#5 C:\xampp\htdocs\Dewtouch-interview\lib\Cake\Model\Model.php(2994): Model->_readDataSource('all', Array)
#6 C:\xampp\htdocs\Dewtouch-interview\app\Controller\RecordController.php(11): Model->find('all')
#7 [internal function]: RecordController->index()
#8 C:\xampp\htdocs\Dewtouch-interview\lib\Cake\Controller\Controller.php(490): ReflectionMethod->invokeArgs(Object(RecordController), Array)
#9 C:\xampp\htdocs\Dewtouch-interview\lib\Cake\Routing\Dispatcher.php(193): Controller->invokeAction(Object(CakeRequest))
#10 C:\xampp\htdocs\Dewtouch-interview\lib\Cake\Routing\Dispatcher.php(167): Dispatcher->_invoke(Object(RecordController), Object(CakeRequest))
#11 C:\xampp\htdocs\Dewtouch-interview\app\webroot\index.php(118): Dispatcher->dispatch(Object(CakeRequest), Object(CakeResponse))
#12 {main}
2022-09-22 19:44:53 Error: [MissingConnectionException] Database connection "Mysql" is missing, or could not be created.
Exception Attributes: array (
  'class' => 'Mysql',
  'message' => 'Selected driver is not enabled',
  'enabled' => false,
)
Request URL: /Dewtouch-interview/Record
Stack Trace:
#0 C:\xampp\htdocs\Dewtouch-interview\lib\Cake\Model\ConnectionManager.php(105): DboSource->__construct(Array)
#1 C:\xampp\htdocs\Dewtouch-interview\lib\Cake\Model\Model.php(3617): ConnectionManager::getDataSource('default')
#2 C:\xampp\htdocs\Dewtouch-interview\lib\Cake\Model\Model.php(1155): Model->setDataSource('default')
#3 C:\xampp\htdocs\Dewtouch-interview\lib\Cake\Model\Model.php(3644): Model->setSource('records')
#4 C:\xampp\htdocs\Dewtouch-interview\lib\Cake\Model\Model.php(3022): Model->getDataSource()
#5 C:\xampp\htdocs\Dewtouch-interview\lib\Cake\Model\Model.php(2994): Model->_readDataSource('all', Array)
#6 C:\xampp\htdocs\Dewtouch-interview\app\Controller\RecordController.php(11): Model->find('all')
#7 [internal function]: RecordController->index()
#8 C:\xampp\htdocs\Dewtouch-interview\lib\Cake\Controller\Controller.php(490): ReflectionMethod->invokeArgs(Object(RecordController), Array)
#9 C:\xampp\htdocs\Dewtouch-interview\lib\Cake\Routing\Dispatcher.php(193): Controller->invokeAction(Object(CakeRequest))
#10 C:\xampp\htdocs\Dewtouch-interview\lib\Cake\Routing\Dispatcher.php(167): Dispatcher->_invoke(Object(RecordController), Object(CakeRequest))
#11 C:\xampp\htdocs\Dewtouch-interview\app\webroot\index.php(118): Dispatcher->dispatch(Object(CakeRequest), Object(CakeResponse))
#12 {main}
2022-09-22 19:44:55 Error: [MissingConnectionException] Database connection "Mysql" is missing, or could not be created.
Exception Attributes: array (
  'class' => 'Mysql',
  'message' => 'Selected driver is not enabled',
  'enabled' => false,
)
Request URL: /Dewtouch-interview/Record
Stack Trace:
#0 C:\xampp\htdocs\Dewtouch-interview\lib\Cake\Model\ConnectionManager.php(105): DboSource->__construct(Array)
#1 C:\xampp\htdocs\Dewtouch-interview\lib\Cake\Model\Model.php(3617): ConnectionManager::getDataSource('default')
#2 C:\xampp\htdocs\Dewtouch-interview\lib\Cake\Model\Model.php(1155): Model->setDataSource('default')
#3 C:\xampp\htdocs\Dewtouch-interview\lib\Cake\Model\Model.php(3644): Model->setSource('records')
#4 C:\xampp\htdocs\Dewtouch-interview\lib\Cake\Model\Model.php(3022): Model->getDataSource()
#5 C:\xampp\htdocs\Dewtouch-interview\lib\Cake\Model\Model.php(2994): Model->_readDataSource('all', Array)
#6 C:\xampp\htdocs\Dewtouch-interview\app\Controller\RecordController.php(11): Model->find('all')
#7 [internal function]: RecordController->index()
#8 C:\xampp\htdocs\Dewtouch-interview\lib\Cake\Controller\Controller.php(490): ReflectionMethod->invokeArgs(Object(RecordController), Array)
#9 C:\xampp\htdocs\Dewtouch-interview\lib\Cake\Routing\Dispatcher.php(193): Controller->invokeAction(Object(CakeRequest))
#10 C:\xampp\htdocs\Dewtouch-interview\lib\Cake\Routing\Dispatcher.php(167): Dispatcher->_invoke(Object(RecordController), Object(CakeRequest))
#11 C:\xampp\htdocs\Dewtouch-interview\app\webroot\index.php(118): Dispatcher->dispatch(Object(CakeRequest), Object(CakeResponse))
#12 {main}
2022-09-22 19:57:04 Error: [MissingConnectionException] Database connection "Mysql" is missing, or could not be created.
Exception Attributes: array (
  'class' => 'Mysql',
  'message' => 'Selected driver is not enabled',
  'enabled' => false,
)
Request URL: /Dewtouch-interview/Record
Stack Trace:
#0 C:\xampp\htdocs\Dewtouch-interview\lib\Cake\Model\ConnectionManager.php(105): DboSource->__construct(Array)
#1 C:\xampp\htdocs\Dewtouch-interview\lib\Cake\Model\Model.php(3617): ConnectionManager::getDataSource('default')
#2 C:\xampp\htdocs\Dewtouch-interview\lib\Cake\Model\Model.php(1155): Model->setDataSource('default')
#3 C:\xampp\htdocs\Dewtouch-interview\lib\Cake\Model\Model.php(3644): Model->setSource('records')
#4 C:\xampp\htdocs\Dewtouch-interview\lib\Cake\Model\Model.php(3022): Model->getDataSource()
#5 C:\xampp\htdocs\Dewtouch-interview\lib\Cake\Model\Model.php(2994): Model->_readDataSource('all', Array)
#6 C:\xampp\htdocs\Dewtouch-interview\app\Controller\RecordController.php(11): Model->find('all')
#7 [internal function]: RecordController->index()
#8 C:\xampp\htdocs\Dewtouch-interview\lib\Cake\Controller\Controller.php(490): ReflectionMethod->invokeArgs(Object(RecordController), Array)
#9 C:\xampp\htdocs\Dewtouch-interview\lib\Cake\Routing\Dispatcher.php(193): Controller->invokeAction(Object(CakeRequest))
#10 C:\xampp\htdocs\Dewtouch-interview\lib\Cake\Routing\Dispatcher.php(167): Dispatcher->_invoke(Object(RecordController), Object(CakeRequest))
#11 C:\xampp\htdocs\Dewtouch-interview\app\webroot\index.php(118): Dispatcher->dispatch(Object(CakeRequest), Object(CakeResponse))
#12 {main}
2022-09-22 20:16:25 Error: [MissingConnectionException] Database connection "Mysql" is missing, or could not be created.
Exception Attributes: array (
  'class' => 'Mysql',
  'message' => 'SQLSTATE[HY000] [1049] Unknown database \'marc-tadtad\'',
  'enabled' => true,
)
Request URL: /Dewtouch-interview/Record
Stack Trace:
#0 C:\xampp\htdocs\Dewtouch-interview\lib\Cake\Model\Datasource\DboSource.php(260): Mysql->connect()
#1 C:\xampp\htdocs\Dewtouch-interview\lib\Cake\Model\ConnectionManager.php(105): DboSource->__construct(Array)
#2 C:\xampp\htdocs\Dewtouch-interview\lib\Cake\Model\Model.php(3617): ConnectionManager::getDataSource('default')
#3 C:\xampp\htdocs\Dewtouch-interview\lib\Cake\Model\Model.php(1155): Model->setDataSource('default')
#4 C:\xampp\htdocs\Dewtouch-interview\lib\Cake\Model\Model.php(3644): Model->setSource('records')
#5 C:\xampp\htdocs\Dewtouch-interview\lib\Cake\Model\Model.php(3022): Model->getDataSource()
#6 C:\xampp\htdocs\Dewtouch-interview\lib\Cake\Model\Model.php(2994): Model->_readDataSource('all', Array)
#7 C:\xampp\htdocs\Dewtouch-interview\app\Controller\RecordController.php(11): Model->find('all')
#8 [internal function]: RecordController->index()
#9 C:\xampp\htdocs\Dewtouch-interview\lib\Cake\Controller\Controller.php(490): ReflectionMethod->invokeArgs(Object(RecordController), Array)
#10 C:\xampp\htdocs\Dewtouch-interview\lib\Cake\Routing\Dispatcher.php(193): Controller->invokeAction(Object(CakeRequest))
#11 C:\xampp\htdocs\Dewtouch-interview\lib\Cake\Routing\Dispatcher.php(167): Dispatcher->_invoke(Object(RecordController), Object(CakeRequest))
#12 C:\xampp\htdocs\Dewtouch-interview\app\webroot\index.php(118): Dispatcher->dispatch(Object(CakeRequest), Object(CakeResponse))
#13 {main}
2022-09-22 20:16:46 Error: [PDOException] SQLSTATE[42000]: Syntax error or access violation: 1064 You have an error in your SQL syntax; check the manual that corresponds to your MariaDB server version for the right syntax to use near '.`work`' at line 1
Request URL: /Dewtouch-interview/Record
Stack Trace:
#0 C:\xampp\htdocs\Dewtouch-interview\lib\Cake\Model\Datasource\DboSource.php(460): PDOStatement->execute(Array)
#1 C:\xampp\htdocs\Dewtouch-interview\lib\Cake\Model\Datasource\Database\Mysql.php(224): DboSource->_execute('SHOW TABLES FRO...')
#2 C:\xampp\htdocs\Dewtouch-interview\lib\Cake\Model\Model.php(1161): Mysql->listSources()
#3 C:\xampp\htdocs\Dewtouch-interview\lib\Cake\Model\Model.php(3644): Model->setSource('records')
#4 C:\xampp\htdocs\Dewtouch-interview\lib\Cake\Model\Model.php(3022): Model->getDataSource()
#5 C:\xampp\htdocs\Dewtouch-interview\lib\Cake\Model\Model.php(2994): Model->_readDataSource('all', Array)
#6 C:\xampp\htdocs\Dewtouch-interview\app\Controller\RecordController.php(11): Model->find('all')
#7 [internal function]: RecordController->index()
#8 C:\xampp\htdocs\Dewtouch-interview\lib\Cake\Controller\Controller.php(490): ReflectionMethod->invokeArgs(Object(RecordController), Array)
#9 C:\xampp\htdocs\Dewtouch-interview\lib\Cake\Routing\Dispatcher.php(193): Controller->invokeAction(Object(CakeRequest))
#10 C:\xampp\htdocs\Dewtouch-interview\lib\Cake\Routing\Dispatcher.php(167): Dispatcher->_invoke(Object(RecordController), Object(CakeRequest))
#11 C:\xampp\htdocs\Dewtouch-interview\app\webroot\index.php(118): Dispatcher->dispatch(Object(CakeRequest), Object(CakeResponse))
#12 {main}
2022-09-22 20:17:18 Error: [MissingTableException] Table records for model Record was not found in datasource default.
Exception Attributes: array (
  'table' => 'records',
  'class' => 'Record',
  'ds' => 'default',
)
Request URL: /Dewtouch-interview/Record
Stack Trace:
#0 C:\xampp\htdocs\Dewtouch-interview\lib\Cake\Model\Model.php(3644): Model->setSource('records')
#1 C:\xampp\htdocs\Dewtouch-interview\lib\Cake\Model\Model.php(3022): Model->getDataSource()
#2 C:\xampp\htdocs\Dewtouch-interview\lib\Cake\Model\Model.php(2994): Model->_readDataSource('all', Array)
#3 C:\xampp\htdocs\Dewtouch-interview\app\Controller\RecordController.php(11): Model->find('all')
#4 [internal function]: RecordController->index()
#5 C:\xampp\htdocs\Dewtouch-interview\lib\Cake\Controller\Controller.php(490): ReflectionMethod->invokeArgs(Object(RecordController), Array)
#6 C:\xampp\htdocs\Dewtouch-interview\lib\Cake\Routing\Dispatcher.php(193): Controller->invokeAction(Object(CakeRequest))
#7 C:\xampp\htdocs\Dewtouch-interview\lib\Cake\Routing\Dispatcher.php(167): Dispatcher->_invoke(Object(RecordController), Object(CakeRequest))
#8 C:\xampp\htdocs\Dewtouch-interview\app\webroot\index.php(118): Dispatcher->dispatch(Object(CakeRequest), Object(CakeResponse))
#9 {main}
